Copyright 1986-2022 Xilinx, Inc. All Rights Reserved. Copyright 2022-2023 Advanced Micro Devices, Inc. All Rights Reserved.
------------------------------------------------------------------------------------------------------------------------------------------------------------------------------------------------------
| Tool Version : Vivado v.2023.1 (win64) Build 3865809 Sun May  7 15:05:29 MDT 2023
| Date         : Fri Dec 20 00:43:51 2024
| Host         : DESKTOP-BNN7EGG running 64-bit major release  (build 9200)
| Command      : report_timing_summary -max_paths 10 -report_unconstrained -file ALU_timing_summary_routed.rpt -pb ALU_timing_summary_routed.pb -rpx ALU_timing_summary_routed.rpx -warn_on_violation
| Design       : ALU
| Device       : 7z010-clg400
| Speed File   : -1  PRODUCTION 1.12 2019-11-22
| Design State : Routed
------------------------------------------------------------------------------------------------------------------------------------------------------------------------------------------------------

Timing Summary Report

------------------------------------------------------------------------------------------------
| Timer Settings
| --------------
------------------------------------------------------------------------------------------------

  Enable Multi Corner Analysis               :  Yes
  Enable Pessimism Removal                   :  Yes
  Pessimism Removal Resolution               :  Nearest Common Node
  Enable Input Delay Default Clock           :  No
  Enable Preset / Clear Arcs                 :  No
  Disable Flight Delays                      :  No
  Ignore I/O Paths                           :  No
  Timing Early Launch at Borrowing Latches   :  No
  Borrow Time for Max Delay Exceptions       :  Yes
  Merge Timing Exceptions                    :  Yes

  Corner  Analyze    Analyze    
  Name    Max Paths  Min Paths  
  ------  ---------  ---------  
  Slow    Yes        Yes        
  Fast    Yes        Yes        


------------------------------------------------------------------------------------------------
| Report Methodology
| ------------------
------------------------------------------------------------------------------------------------

Rule       Severity  Description                     Violations  
---------  --------  ------------------------------  ----------  
TIMING-20  Warning   Non-clocked latch               2           
LATCH-1    Advisory  Existing latches in the design  1           

Note: This report is based on the most recent report_methodology run and may not be up-to-date. Run report_methodology on the current design for the latest report.



check_timing report

Table of Contents
-----------------
1. checking no_clock (4)
2. checking constant_clock (0)
3. checking pulse_width_clock (0)
4. checking unconstrained_internal_endpoints (2)
5. checking no_input_delay (1)
6. checking no_output_delay (2)
7. checking multiple_clock (0)
8. checking generated_clocks (0)
9. checking loops (0)
10. checking partial_input_delay (0)
11. checking partial_output_delay (0)
12. checking latch_loops (0)

1. checking no_clock (4)
------------------------
 There are 2 register/latch pins with no clock driven by root clock pin: ctrl[0] (HIGH)

 There are 2 register/latch pins with no clock driven by root clock pin: ctrl[1] (HIGH)


2. checking constant_clock (0)
------------------------------
 There are 0 register/latch pins with constant_clock.


3. checking pulse_width_clock (0)
---------------------------------
 There are 0 register/latch pins which need pulse_width check


4. checking unconstrained_internal_endpoints (2)
------------------------------------------------
 There are 2 pins that are not constrained for maximum delay. (HIGH)

 There are 0 pins that are not constrained for maximum delay due to constant clock.


5. checking no_input_delay (1)
------------------------------
 There is 1 input port with no input delay specified. (HIGH)

 There are 0 input ports with no input delay but user has a false path constraint.


6. checking no_output_delay (2)
-------------------------------
 There are 2 ports with no output delay specified. (HIGH)

 There are 0 ports with no output delay but user has a false path constraint

 There are 0 ports with no output delay but with a timing clock defined on it or propagating through it


7. checking multiple_clock (0)
------------------------------
 There are 0 register/latch pins with multiple clocks.


8. checking generated_clocks (0)
--------------------------------
 There are 0 generated clocks that are not connected to a clock source.


9. checking loops (0)
---------------------
 There are 0 combinational loops in the design.


10. checking partial_input_delay (0)
------------------------------------
 There are 0 input ports with partial input delay specified.


11. checking partial_output_delay (0)
-------------------------------------
 There are 0 ports with partial output delay specified.


12. checking latch_loops (0)
----------------------------
 There are 0 combinational latch loops in the design through latch input



------------------------------------------------------------------------------------------------
| Design Timing Summary
| ---------------------
------------------------------------------------------------------------------------------------

    WNS(ns)      TNS(ns)  TNS Failing Endpoints  TNS Total Endpoints      WHS(ns)      THS(ns)  THS Failing Endpoints  THS Total Endpoints     WPWS(ns)     TPWS(ns)  TPWS Failing Endpoints  TPWS Total Endpoints  
    -------      -------  ---------------------  -------------------      -------      -------  ---------------------  -------------------     --------     --------  ----------------------  --------------------  
        inf        0.000                      0                    4          inf        0.000                      0                    4           NA           NA                      NA                    NA  


There are no user specified timing constraints.


------------------------------------------------------------------------------------------------
| Clock Summary
| -------------
------------------------------------------------------------------------------------------------


------------------------------------------------------------------------------------------------
| Intra Clock Table
| -----------------
------------------------------------------------------------------------------------------------

Clock             WNS(ns)      TNS(ns)  TNS Failing Endpoints  TNS Total Endpoints      WHS(ns)      THS(ns)  THS Failing Endpoints  THS Total Endpoints     WPWS(ns)     TPWS(ns)  TPWS Failing Endpoints  TPWS Total Endpoints  
-----             -------      -------  ---------------------  -------------------      -------      -------  ---------------------  -------------------     --------     --------  ----------------------  --------------------  


------------------------------------------------------------------------------------------------
| Inter Clock Table
| -----------------
------------------------------------------------------------------------------------------------

From Clock    To Clock          WNS(ns)      TNS(ns)  TNS Failing Endpoints  TNS Total Endpoints      WHS(ns)      THS(ns)  THS Failing Endpoints  THS Total Endpoints  
----------    --------          -------      -------  ---------------------  -------------------      -------      -------  ---------------------  -------------------  


------------------------------------------------------------------------------------------------
| Other Path Groups Table
| -----------------------
------------------------------------------------------------------------------------------------

Path Group    From Clock    To Clock          WNS(ns)      TNS(ns)  TNS Failing Endpoints  TNS Total Endpoints      WHS(ns)      THS(ns)  THS Failing Endpoints  THS Total Endpoints  
----------    ----------    --------          -------      -------  ---------------------  -------------------      -------      -------  ---------------------  -------------------  


------------------------------------------------------------------------------------------------
| User Ignored Path Table
| -----------------------
------------------------------------------------------------------------------------------------

Path Group    From Clock    To Clock    
----------    ----------    --------    


------------------------------------------------------------------------------------------------
| Unconstrained Path Table
| ------------------------
------------------------------------------------------------------------------------------------

Path Group    From Clock    To Clock    
----------    ----------    --------    
(none)                                    


------------------------------------------------------------------------------------------------
| Timing Details
| --------------
------------------------------------------------------------------------------------------------


--------------------------------------------------------------------------------------
Path Group:  (none)
From Clock:  
  To Clock:  

Max Delay             4 Endpoints
Min Delay             4 Endpoints
--------------------------------------------------------------------------------------


Max Delay Paths
--------------------------------------------------------------------------------------
Slack:                    inf
  Source:                 led_reg[0]/G
                            (positive level-sensitive latch)
  Destination:            led[0]
                            (output port)
  Path Group:             (none)
  Path Type:              Max at Slow Process Corner
  Data Path Delay:        6.031ns  (logic 4.358ns (72.260%)  route 1.673ns (27.740%))
  Logic Levels:           2  (LDCE=1 OBUF=1)

    Location             Delay type                Incr(ns)  Path(ns)    Netlist Resource(s)
  -------------------------------------------------------------------    -------------------
    SLICE_X42Y53         LDCE                         0.000     0.000 r  led_reg[0]/G
    SLICE_X42Y53         LDCE (EnToQ_ldce_G_Q)        0.827     0.827 r  led_reg[0]/Q
                         net (fo=1, routed)           1.673     2.500    led_OBUF[0]
    M14                  OBUF (Prop_obuf_I_O)         3.531     6.031 r  led_OBUF[0]_inst/O
                         net (fo=0)                   0.000     6.031    led[0]
    M14                                                               r  led[0] (OUT)
  -------------------------------------------------------------------    -------------------

Slack:                    inf
  Source:                 led_reg[1]/G
                            (positive level-sensitive latch)
  Destination:            led[1]
                            (output port)
  Path Group:             (none)
  Path Type:              Max at Slow Process Corner
  Data Path Delay:        5.763ns  (logic 4.098ns (71.106%)  route 1.665ns (28.894%))
  Logic Levels:           2  (LDCE=1 OBUF=1)

    Location             Delay type                Incr(ns)  Path(ns)    Netlist Resource(s)
  -------------------------------------------------------------------    -------------------
    SLICE_X43Y53         LDCE                         0.000     0.000 r  led_reg[1]/G
    SLICE_X43Y53         LDCE (EnToQ_ldce_G_Q)        0.559     0.559 r  led_reg[1]/Q
                         net (fo=1, routed)           1.665     2.224    led_OBUF[1]
    M15                  OBUF (Prop_obuf_I_O)         3.539     5.763 r  led_OBUF[1]_inst/O
                         net (fo=0)                   0.000     5.763    led[1]
    M15                                                               r  led[1] (OUT)
  -------------------------------------------------------------------    -------------------

Slack:                    inf
  Source:                 ctrl[0]
                            (input port)
  Destination:            led_reg[0]/D
  Path Group:             (none)
  Path Type:              Max at Slow Process Corner
  Data Path Delay:        3.327ns  (logic 1.576ns (47.386%)  route 1.750ns (52.614%))
  Logic Levels:           2  (IBUF=1 LUT1=1)

    Location             Delay type                Incr(ns)  Path(ns)    Netlist Resource(s)
  -------------------------------------------------------------------    -------------------
    G15                                               0.000     0.000 f  ctrl[0] (IN)
                         net (fo=0)                   0.000     0.000    ctrl[0]
    G15                  IBUF (Prop_ibuf_I_O)         1.452     1.452 f  ctrl_IBUF[0]_inst/O
                         net (fo=4, routed)           1.207     2.659    ctrl_IBUF[0]
    SLICE_X43Y53         LUT1 (Prop_lut1_I0_O)        0.124     2.783 r  led_reg[0]_i_1/O
                         net (fo=1, routed)           0.544     3.327    add_sub_result[22]
    SLICE_X42Y53         LDCE                                         r  led_reg[0]/D
  -------------------------------------------------------------------    -------------------

Slack:                    inf
  Source:                 ctrl[0]
                            (input port)
  Destination:            led_reg[1]/D
  Path Group:             (none)
  Path Type:              Max at Slow Process Corner
  Data Path Delay:        2.773ns  (logic 1.452ns (52.372%)  route 1.321ns (47.628%))
  Logic Levels:           1  (IBUF=1)

    Location             Delay type                Incr(ns)  Path(ns)    Netlist Resource(s)
  -------------------------------------------------------------------    -------------------
    G15                                               0.000     0.000 r  ctrl[0] (IN)
                         net (fo=0)                   0.000     0.000    ctrl[0]
    G15                  IBUF (Prop_ibuf_I_O)         1.452     1.452 r  ctrl_IBUF[0]_inst/O
                         net (fo=4, routed)           1.321     2.773    ctrl_IBUF[0]
    SLICE_X43Y53         LDCE                                         r  led_reg[1]/D
  -------------------------------------------------------------------    -------------------





Min Delay Paths
--------------------------------------------------------------------------------------
Slack:                    inf
  Source:                 ctrl[0]
                            (input port)
  Destination:            led_reg[1]/D
  Path Group:             (none)
  Path Type:              Min at Fast Process Corner
  Data Path Delay:        0.747ns  (logic 0.220ns (29.505%)  route 0.527ns (70.495%))
  Logic Levels:           1  (IBUF=1)

    Location             Delay type                Incr(ns)  Path(ns)    Netlist Resource(s)
  -------------------------------------------------------------------    -------------------
    G15                                               0.000     0.000 r  ctrl[0] (IN)
                         net (fo=0)                   0.000     0.000    ctrl[0]
    G15                  IBUF (Prop_ibuf_I_O)         0.220     0.220 r  ctrl_IBUF[0]_inst/O
                         net (fo=4, routed)           0.527     0.747    ctrl_IBUF[0]
    SLICE_X43Y53         LDCE                                         r  led_reg[1]/D
  -------------------------------------------------------------------    -------------------

Slack:                    inf
  Source:                 ctrl[0]
                            (input port)
  Destination:            led_reg[0]/D
  Path Group:             (none)
  Path Type:              Min at Fast Process Corner
  Data Path Delay:        0.948ns  (logic 0.265ns (28.012%)  route 0.682ns (71.988%))
  Logic Levels:           2  (IBUF=1 LUT1=1)

    Location             Delay type                Incr(ns)  Path(ns)    Netlist Resource(s)
  -------------------------------------------------------------------    -------------------
    G15                                               0.000     0.000 f  ctrl[0] (IN)
                         net (fo=0)                   0.000     0.000    ctrl[0]
    G15                  IBUF (Prop_ibuf_I_O)         0.220     0.220 f  ctrl_IBUF[0]_inst/O
                         net (fo=4, routed)           0.494     0.714    ctrl_IBUF[0]
    SLICE_X43Y53         LUT1 (Prop_lut1_I0_O)        0.045     0.759 r  led_reg[0]_i_1/O
                         net (fo=1, routed)           0.189     0.948    add_sub_result[22]
    SLICE_X42Y53         LDCE                                         r  led_reg[0]/D
  -------------------------------------------------------------------    -------------------

Slack:                    inf
  Source:                 led_reg[1]/G
                            (positive level-sensitive latch)
  Destination:            led[1]
                            (output port)
  Path Group:             (none)
  Path Type:              Min at Fast Process Corner
  Data Path Delay:        1.730ns  (logic 1.398ns (80.794%)  route 0.332ns (19.206%))
  Logic Levels:           2  (LDCE=1 OBUF=1)

    Location             Delay type                Incr(ns)  Path(ns)    Netlist Resource(s)
  -------------------------------------------------------------------    -------------------
    SLICE_X43Y53         LDCE                         0.000     0.000 r  led_reg[1]/G
    SLICE_X43Y53         LDCE (EnToQ_ldce_G_Q)        0.158     0.158 r  led_reg[1]/Q
                         net (fo=1, routed)           0.332     0.490    led_OBUF[1]
    M15                  OBUF (Prop_obuf_I_O)         1.240     1.730 r  led_OBUF[1]_inst/O
                         net (fo=0)                   0.000     1.730    led[1]
    M15                                                               r  led[1] (OUT)
  -------------------------------------------------------------------    -------------------

Slack:                    inf
  Source:                 led_reg[0]/G
                            (positive level-sensitive latch)
  Destination:            led[0]
                            (output port)
  Path Group:             (none)
  Path Type:              Min at Fast Process Corner
  Data Path Delay:        1.800ns  (logic 1.472ns (81.776%)  route 0.328ns (18.224%))
  Logic Levels:           2  (LDCE=1 OBUF=1)

    Location             Delay type                Incr(ns)  Path(ns)    Netlist Resource(s)
  -------------------------------------------------------------------    -------------------
    SLICE_X42Y53         LDCE                         0.000     0.000 r  led_reg[0]/G
    SLICE_X42Y53         LDCE (EnToQ_ldce_G_Q)        0.240     0.240 r  led_reg[0]/Q
                         net (fo=1, routed)           0.328     0.568    led_OBUF[0]
    M14                  OBUF (Prop_obuf_I_O)         1.232     1.800 r  led_OBUF[0]_inst/O
                         net (fo=0)                   0.000     1.800    led[0]
    M14                                                               r  led[0] (OUT)
  -------------------------------------------------------------------    -------------------





