
*** Running vivado
    with args -log ALU.vds -m64 -product Vivado -mode batch -messageDb vivado.pb -notrace -source ALU.tcl


ECHO is off.
ECHO is off.

****** Vivado v2023.1 (64-bit)
  **** SW Build 3865809 on Sun May  7 15:05:29 MDT 2023
  **** IP Build 3864474 on Sun May  7 20:36:21 MDT 2023
  **** SharedData Build 3865790 on Sun May 07 13:33:03 MDT 2023
    ** Copyright 1986-2022 Xilinx, Inc. All Rights Reserved.
    ** Copyright 2022-2023 Advanced Micro Devices, Inc. All Rights Reserved.

source ALU.tcl -notrace
create_project: Time (s): cpu = 00:00:07 ; elapsed = 00:00:08 . Memory (MB): peak = 437.543 ; gain = 161.055
Command: read_checkpoint -auto_incremental -incremental E:/ENTC/5th_sem/DigitalSystemDesign/ALU/ALU.srcs/utils_1/imports/synth_1/Adder.dcp
INFO: [Vivado 12-5825] Read reference checkpoint from E:/ENTC/5th_sem/DigitalSystemDesign/ALU/ALU.srcs/utils_1/imports/synth_1/Adder.dcp for incremental synthesis
INFO: [Vivado 12-7989] Please ensure there are no constraint changes
Command: synth_design -top ALU -part xc7z010clg400-1
Starting synth_design
Attempting to get a license for feature 'Synthesis' and/or device 'xc7z010'
INFO: [Common 17-349] Got license for feature 'Synthesis' and/or device 'xc7z010'
INFO: [Device 21-403] Loading part xc7z010clg400-1
INFO: [Designutils 20-5440] No compile time benefit to using incremental synthesis; A full resynthesis will be run
INFO: [Designutils 20-4379] Flow is switching to default flow due to incremental criteria not met. If you would like to alter this behaviour and have the flow terminate instead, please set the following parameter config_implementation {autoIncr.Synth.RejectBehavior Terminate}
INFO: [Synth 8-7079] Multithreading enabled for synth_design using a maximum of 2 processes.
INFO: [Synth 8-7078] Launching helper process for spawning children vivado processes
INFO: [Synth 8-7075] Helper process launched with PID 10192
WARNING: [Synth 8-9694] invalid size of integer constant literal [E:/ENTC/5th_sem/DigitalSystemDesign/ALU/ALU.srcs/sources_1/new/Adder_Subtractor.v:85]
WARNING: [Synth 8-9694] invalid size of integer constant literal [E:/ENTC/5th_sem/DigitalSystemDesign/ALU/ALU.srcs/sources_1/new/Adder_Subtractor.v:90]
WARNING: [Synth 8-9694] invalid size of integer constant literal [E:/ENTC/5th_sem/DigitalSystemDesign/ALU/ALU.srcs/sources_1/new/Adder_Subtractor.v:102]
WARNING: [Synth 8-9694] invalid size of integer constant literal [E:/ENTC/5th_sem/DigitalSystemDesign/ALU/ALU.srcs/sources_1/new/Adder_Subtractor.v:126]
WARNING: [Synth 8-9694] invalid size of integer constant literal [E:/ENTC/5th_sem/DigitalSystemDesign/ALU/ALU.srcs/sources_1/new/Adder_Subtractor.v:127]
---------------------------------------------------------------------------------
Starting RTL Elaboration : Time (s): cpu = 00:00:06 ; elapsed = 00:00:08 . Memory (MB): peak = 1257.895 ; gain = 411.730
---------------------------------------------------------------------------------
INFO: [Synth 8-6157] synthesizing module 'ALU' [E:/ENTC/5th_sem/DigitalSystemDesign/ALU/ALU.srcs/sources_1/new/ALU.v:22]
INFO: [Synth 8-6157] synthesizing module 'Adder_Subtractor' [E:/ENTC/5th_sem/DigitalSystemDesign/ALU/ALU.srcs/sources_1/new/Adder_Subtractor.v:23]
INFO: [Synth 8-6157] synthesizing module 'Adder' [E:/ENTC/5th_sem/DigitalSystemDesign/ALU/ALU.srcs/sources_1/new/Adder.v:22]
INFO: [Synth 8-6155] done synthesizing module 'Adder' (0#1) [E:/ENTC/5th_sem/DigitalSystemDesign/ALU/ALU.srcs/sources_1/new/Adder.v:22]
INFO: [Synth 8-6157] synthesizing module 'Subtractor' [E:/ENTC/5th_sem/DigitalSystemDesign/ALU/ALU.srcs/sources_1/new/Subtractor.v:22]
INFO: [Synth 8-6155] done synthesizing module 'Subtractor' (0#1) [E:/ENTC/5th_sem/DigitalSystemDesign/ALU/ALU.srcs/sources_1/new/Subtractor.v:22]
INFO: [Synth 8-6155] done synthesizing module 'Adder_Subtractor' (0#1) [E:/ENTC/5th_sem/DigitalSystemDesign/ALU/ALU.srcs/sources_1/new/Adder_Subtractor.v:23]
INFO: [Synth 8-6157] synthesizing module 'Multiplication' [E:/ENTC/5th_sem/DigitalSystemDesign/ALU/ALU.srcs/sources_1/new/Multiplication.v:23]
INFO: [Synth 8-6155] done synthesizing module 'Multiplication' (0#1) [E:/ENTC/5th_sem/DigitalSystemDesign/ALU/ALU.srcs/sources_1/new/Multiplication.v:23]
INFO: [Synth 8-6157] synthesizing module 'Divider' [E:/ENTC/5th_sem/DigitalSystemDesign/ALU/ALU.srcs/sources_1/new/Divider.v:23]
INFO: [Synth 8-6155] done synthesizing module 'Divider' (0#1) [E:/ENTC/5th_sem/DigitalSystemDesign/ALU/ALU.srcs/sources_1/new/Divider.v:23]
INFO: [Synth 8-226] default block is never used [E:/ENTC/5th_sem/DigitalSystemDesign/ALU/ALU.srcs/sources_1/new/ALU.v:65]
INFO: [Synth 8-6155] done synthesizing module 'ALU' (0#1) [E:/ENTC/5th_sem/DigitalSystemDesign/ALU/ALU.srcs/sources_1/new/ALU.v:22]
WARNING: [Synth 8-3936] Found unconnected internal register 'mantissa_C_add_reg' and it is trimmed from '25' to '23' bits. [E:/ENTC/5th_sem/DigitalSystemDesign/ALU/ALU.srcs/sources_1/new/Adder.v:65]
WARNING: [Synth 8-3936] Found unconnected internal register 'mantissa_C_sub_reg' and it is trimmed from '24' to '23' bits. [E:/ENTC/5th_sem/DigitalSystemDesign/ALU/ALU.srcs/sources_1/new/Subtractor.v:64]
WARNING: [Synth 8-7129] Port B_sub[31] in module Subtractor is either unconnected or has no load
WARNING: [Synth 8-7129] Port B_add[31] in module Adder is either unconnected or has no load
---------------------------------------------------------------------------------
Finished RTL Elaboration : Time (s): cpu = 00:00:08 ; elapsed = 00:00:10 . Memory (MB): peak = 1356.648 ; gain = 510.484
---------------------------------------------------------------------------------
---------------------------------------------------------------------------------
Start Handling Custom Attributes
---------------------------------------------------------------------------------
---------------------------------------------------------------------------------
Finished Handling Custom Attributes : Time (s): cpu = 00:00:08 ; elapsed = 00:00:10 . Memory (MB): peak = 1356.648 ; gain = 510.484
---------------------------------------------------------------------------------
---------------------------------------------------------------------------------
Finished RTL Optimization Phase 1 : Time (s): cpu = 00:00:08 ; elapsed = 00:00:10 . Memory (MB): peak = 1356.648 ; gain = 510.484
---------------------------------------------------------------------------------
Netlist sorting complete. Time (s): cpu = 00:00:01 ; elapsed = 00:00:00.025 . Memory (MB): peak = 1356.648 ; gain = 0.000
INFO: [Project 1-570] Preparing netlist for logic optimization

Processing XDC Constraints
Initializing timing engine
Parsing XDC File [E:/ENTC/5th_sem/DigitalSystemDesign/ALU/ALU.srcs/constrs_1/new/ALU_cs.xdc]
Finished Parsing XDC File [E:/ENTC/5th_sem/DigitalSystemDesign/ALU/ALU.srcs/constrs_1/new/ALU_cs.xdc]
INFO: [Project 1-236] Implementation specific constraints were found while reading constraint file [E:/ENTC/5th_sem/DigitalSystemDesign/ALU/ALU.srcs/constrs_1/new/ALU_cs.xdc]. These constraints will be ignored for synthesis but will be used in implementation. Impacted constraints are listed in the file [.Xil/ALU_propImpl.xdc].
Resolution: To avoid this warning, move constraints listed in [.Xil/ALU_propImpl.xdc] to another XDC file and exclude this new file from synthesis with the used_in_synthesis property (File Properties dialog in GUI) and re-run elaboration/synthesis.
Completed Processing XDC Constraints

Netlist sorting complete. Time (s): cpu = 00:00:00 ; elapsed = 00:00:00 . Memory (MB): peak = 1404.844 ; gain = 0.000
INFO: [Project 1-111] Unisim Transformation Summary:
No Unisim elements were transformed.

Constraint Validation Runtime : Time (s): cpu = 00:00:00 ; elapsed = 00:00:00.002 . Memory (MB): peak = 1404.844 ; gain = 0.000
INFO: [Designutils 20-5440] No compile time benefit to using incremental synthesis; A full resynthesis will be run
INFO: [Designutils 20-4379] Flow is switching to default flow due to incremental criteria not met. If you would like to alter this behaviour and have the flow terminate instead, please set the following parameter config_implementation {autoIncr.Synth.RejectBehavior Terminate}
---------------------------------------------------------------------------------
Finished Constraint Validation : Time (s): cpu = 00:00:18 ; elapsed = 00:00:21 . Memory (MB): peak = 1404.844 ; gain = 558.680
---------------------------------------------------------------------------------
---------------------------------------------------------------------------------
Start Loading Part and Timing Information
---------------------------------------------------------------------------------
Loading part: xc7z010clg400-1
---------------------------------------------------------------------------------
Finished Loading Part and Timing Information : Time (s): cpu = 00:00:18 ; elapsed = 00:00:21 . Memory (MB): peak = 1404.844 ; gain = 558.680
---------------------------------------------------------------------------------
---------------------------------------------------------------------------------
Start Applying 'set_property' XDC Constraints
---------------------------------------------------------------------------------
---------------------------------------------------------------------------------
Finished applying 'set_property' XDC Constraints : Time (s): cpu = 00:00:18 ; elapsed = 00:00:21 . Memory (MB): peak = 1404.844 ; gain = 558.680
---------------------------------------------------------------------------------
WARNING: [Synth 8-327] inferring latch for variable 'A_addsub_reg_reg' [E:/ENTC/5th_sem/DigitalSystemDesign/ALU/ALU.srcs/sources_1/new/Adder_Subtractor.v:38]
WARNING: [Synth 8-327] inferring latch for variable 'B_addsub_reg_reg' [E:/ENTC/5th_sem/DigitalSystemDesign/ALU/ALU.srcs/sources_1/new/Adder_Subtractor.v:39]
WARNING: [Synth 8-327] inferring latch for variable 'led_reg' [E:/ENTC/5th_sem/DigitalSystemDesign/ALU/ALU.srcs/sources_1/new/ALU.v:66]
---------------------------------------------------------------------------------
Finished RTL Optimization Phase 2 : Time (s): cpu = 00:00:18 ; elapsed = 00:00:22 . Memory (MB): peak = 1404.844 ; gain = 558.680
---------------------------------------------------------------------------------
---------------------------------------------------------------------------------
Start RTL Component Statistics 
---------------------------------------------------------------------------------
Detailed RTL Component Info : 
+---Adders : 
	   2 Input   25 Bit       Adders := 1     
	   3 Input   24 Bit       Adders := 1     
	   3 Input    9 Bit       Adders := 2     
	   3 Input    8 Bit       Adders := 4     
	   2 Input    8 Bit       Adders := 26    
	  25 Input    8 Bit       Adders := 1     
+---XORs : 
	   2 Input      1 Bit         XORs := 2     
+---Muxes : 
	   2 Input   32 Bit        Muxes := 15    
	   4 Input   32 Bit        Muxes := 1     
	   2 Input   25 Bit        Muxes := 3     
	   2 Input   24 Bit        Muxes := 28    
	   2 Input   23 Bit        Muxes := 27    
	   2 Input    8 Bit        Muxes := 29    
	   4 Input    4 Bit        Muxes := 1     
	   2 Input    2 Bit        Muxes := 24    
	   2 Input    1 Bit        Muxes := 1     
---------------------------------------------------------------------------------
Finished RTL Component Statistics 
---------------------------------------------------------------------------------
---------------------------------------------------------------------------------
Start Part Resource Summary
---------------------------------------------------------------------------------
Part Resources:
DSPs: 80 (col length:40)
BRAMs: 120 (col length: RAMB18 40 RAMB36 20)
---------------------------------------------------------------------------------
Finished Part Resource Summary
---------------------------------------------------------------------------------
---------------------------------------------------------------------------------
Start Cross Boundary and Area Optimization
---------------------------------------------------------------------------------
WARNING: [Synth 8-7080] Parallel synthesis criteria is not met
WARNING: [Synth 8-7129] Port B_sub[31] in module Subtractor is either unconnected or has no load
WARNING: [Synth 8-7129] Port B_add[31] in module Adder is either unconnected or has no load
WARNING: [Synth 8-3332] Sequential element (A_addsub_reg_reg[31]) is unused and will be removed from module Adder_Subtractor.
WARNING: [Synth 8-3332] Sequential element (A_addsub_reg_reg[30]) is unused and will be removed from module Adder_Subtractor.
WARNING: [Synth 8-3332] Sequential element (A_addsub_reg_reg[29]) is unused and will be removed from module Adder_Subtractor.
WARNING: [Synth 8-3332] Sequential element (A_addsub_reg_reg[28]) is unused and will be removed from module Adder_Subtractor.
WARNING: [Synth 8-3332] Sequential element (A_addsub_reg_reg[27]) is unused and will be removed from module Adder_Subtractor.
WARNING: [Synth 8-3332] Sequential element (A_addsub_reg_reg[26]) is unused and will be removed from module Adder_Subtractor.
WARNING: [Synth 8-3332] Sequential element (A_addsub_reg_reg[25]) is unused and will be removed from module Adder_Subtractor.
WARNING: [Synth 8-3332] Sequential element (A_addsub_reg_reg[24]) is unused and will be removed from module Adder_Subtractor.
WARNING: [Synth 8-3332] Sequential element (A_addsub_reg_reg[23]) is unused and will be removed from module Adder_Subtractor.
WARNING: [Synth 8-3332] Sequential element (A_addsub_reg_reg[22]) is unused and will be removed from module Adder_Subtractor.
WARNING: [Synth 8-3332] Sequential element (A_addsub_reg_reg[21]) is unused and will be removed from module Adder_Subtractor.
WARNING: [Synth 8-3332] Sequential element (A_addsub_reg_reg[20]) is unused and will be removed from module Adder_Subtractor.
WARNING: [Synth 8-3332] Sequential element (A_addsub_reg_reg[19]) is unused and will be removed from module Adder_Subtractor.
WARNING: [Synth 8-3332] Sequential element (A_addsub_reg_reg[18]) is unused and will be removed from module Adder_Subtractor.
WARNING: [Synth 8-3332] Sequential element (A_addsub_reg_reg[17]) is unused and will be removed from module Adder_Subtractor.
WARNING: [Synth 8-3332] Sequential element (A_addsub_reg_reg[16]) is unused and will be removed from module Adder_Subtractor.
WARNING: [Synth 8-3332] Sequential element (A_addsub_reg_reg[15]) is unused and will be removed from module Adder_Subtractor.
WARNING: [Synth 8-3332] Sequential element (A_addsub_reg_reg[14]) is unused and will be removed from module Adder_Subtractor.
WARNING: [Synth 8-3332] Sequential element (A_addsub_reg_reg[13]) is unused and will be removed from module Adder_Subtractor.
WARNING: [Synth 8-3332] Sequential element (A_addsub_reg_reg[12]) is unused and will be removed from module Adder_Subtractor.
WARNING: [Synth 8-3332] Sequential element (A_addsub_reg_reg[11]) is unused and will be removed from module Adder_Subtractor.
WARNING: [Synth 8-3332] Sequential element (A_addsub_reg_reg[10]) is unused and will be removed from module Adder_Subtractor.
WARNING: [Synth 8-3332] Sequential element (A_addsub_reg_reg[9]) is unused and will be removed from module Adder_Subtractor.
WARNING: [Synth 8-3332] Sequential element (A_addsub_reg_reg[8]) is unused and will be removed from module Adder_Subtractor.
WARNING: [Synth 8-3332] Sequential element (A_addsub_reg_reg[7]) is unused and will be removed from module Adder_Subtractor.
WARNING: [Synth 8-3332] Sequential element (A_addsub_reg_reg[6]) is unused and will be removed from module Adder_Subtractor.
WARNING: [Synth 8-3332] Sequential element (A_addsub_reg_reg[5]) is unused and will be removed from module Adder_Subtractor.
WARNING: [Synth 8-3332] Sequential element (A_addsub_reg_reg[4]) is unused and will be removed from module Adder_Subtractor.
WARNING: [Synth 8-3332] Sequential element (A_addsub_reg_reg[3]) is unused and will be removed from module Adder_Subtractor.
WARNING: [Synth 8-3332] Sequential element (A_addsub_reg_reg[2]) is unused and will be removed from module Adder_Subtractor.
WARNING: [Synth 8-3332] Sequential element (A_addsub_reg_reg[1]) is unused and will be removed from module Adder_Subtractor.
WARNING: [Synth 8-3332] Sequential element (A_addsub_reg_reg[0]) is unused and will be removed from module Adder_Subtractor.
WARNING: [Synth 8-3332] Sequential element (B_addsub_reg_reg[31]) is unused and will be removed from module Adder_Subtractor.
WARNING: [Synth 8-3332] Sequential element (B_addsub_reg_reg[30]) is unused and will be removed from module Adder_Subtractor.
WARNING: [Synth 8-3332] Sequential element (B_addsub_reg_reg[29]) is unused and will be removed from module Adder_Subtractor.
WARNING: [Synth 8-3332] Sequential element (B_addsub_reg_reg[28]) is unused and will be removed from module Adder_Subtractor.
WARNING: [Synth 8-3332] Sequential element (B_addsub_reg_reg[27]) is unused and will be removed from module Adder_Subtractor.
WARNING: [Synth 8-3332] Sequential element (B_addsub_reg_reg[26]) is unused and will be removed from module Adder_Subtractor.
WARNING: [Synth 8-3332] Sequential element (B_addsub_reg_reg[25]) is unused and will be removed from module Adder_Subtractor.
WARNING: [Synth 8-3332] Sequential element (B_addsub_reg_reg[24]) is unused and will be removed from module Adder_Subtractor.
WARNING: [Synth 8-3332] Sequential element (B_addsub_reg_reg[23]) is unused and will be removed from module Adder_Subtractor.
WARNING: [Synth 8-3332] Sequential element (B_addsub_reg_reg[22]) is unused and will be removed from module Adder_Subtractor.
WARNING: [Synth 8-3332] Sequential element (B_addsub_reg_reg[21]) is unused and will be removed from module Adder_Subtractor.
WARNING: [Synth 8-3332] Sequential element (B_addsub_reg_reg[20]) is unused and will be removed from module Adder_Subtractor.
WARNING: [Synth 8-3332] Sequential element (B_addsub_reg_reg[19]) is unused and will be removed from module Adder_Subtractor.
WARNING: [Synth 8-3332] Sequential element (B_addsub_reg_reg[18]) is unused and will be removed from module Adder_Subtractor.
WARNING: [Synth 8-3332] Sequential element (B_addsub_reg_reg[17]) is unused and will be removed from module Adder_Subtractor.
WARNING: [Synth 8-3332] Sequential element (B_addsub_reg_reg[16]) is unused and will be removed from module Adder_Subtractor.
WARNING: [Synth 8-3332] Sequential element (B_addsub_reg_reg[15]) is unused and will be removed from module Adder_Subtractor.
WARNING: [Synth 8-3332] Sequential element (B_addsub_reg_reg[14]) is unused and will be removed from module Adder_Subtractor.
WARNING: [Synth 8-3332] Sequential element (B_addsub_reg_reg[13]) is unused and will be removed from module Adder_Subtractor.
WARNING: [Synth 8-3332] Sequential element (B_addsub_reg_reg[12]) is unused and will be removed from module Adder_Subtractor.
WARNING: [Synth 8-3332] Sequential element (B_addsub_reg_reg[11]) is unused and will be removed from module Adder_Subtractor.
WARNING: [Synth 8-3332] Sequential element (B_addsub_reg_reg[10]) is unused and will be removed from module Adder_Subtractor.
WARNING: [Synth 8-3332] Sequential element (B_addsub_reg_reg[9]) is unused and will be removed from module Adder_Subtractor.
WARNING: [Synth 8-3332] Sequential element (B_addsub_reg_reg[8]) is unused and will be removed from module Adder_Subtractor.
WARNING: [Synth 8-3332] Sequential element (B_addsub_reg_reg[7]) is unused and will be removed from module Adder_Subtractor.
WARNING: [Synth 8-3332] Sequential element (B_addsub_reg_reg[6]) is unused and will be removed from module Adder_Subtractor.
WARNING: [Synth 8-3332] Sequential element (B_addsub_reg_reg[5]) is unused and will be removed from module Adder_Subtractor.
WARNING: [Synth 8-3332] Sequential element (B_addsub_reg_reg[4]) is unused and will be removed from module Adder_Subtractor.
WARNING: [Synth 8-3332] Sequential element (B_addsub_reg_reg[3]) is unused and will be removed from module Adder_Subtractor.
WARNING: [Synth 8-3332] Sequential element (B_addsub_reg_reg[2]) is unused and will be removed from module Adder_Subtractor.
WARNING: [Synth 8-3332] Sequential element (B_addsub_reg_reg[1]) is unused and will be removed from module Adder_Subtractor.
WARNING: [Synth 8-3332] Sequential element (B_addsub_reg_reg[0]) is unused and will be removed from module Adder_Subtractor.
WARNING: [Synth 8-3332] Sequential element (led_reg[3]) is unused and will be removed from module ALU.
WARNING: [Synth 8-3332] Sequential element (led_reg[2]) is unused and will be removed from module ALU.
---------------------------------------------------------------------------------
Finished Cross Boundary and Area Optimization : Time (s): cpu = 00:00:21 ; elapsed = 00:00:25 . Memory (MB): peak = 1404.844 ; gain = 558.680
---------------------------------------------------------------------------------
---------------------------------------------------------------------------------
Start Applying XDC Timing Constraints
---------------------------------------------------------------------------------
---------------------------------------------------------------------------------
Finished Applying XDC Timing Constraints : Time (s): cpu = 00:00:28 ; elapsed = 00:00:32 . Memory (MB): peak = 1404.844 ; gain = 558.680
---------------------------------------------------------------------------------
---------------------------------------------------------------------------------
Start Timing Optimization
---------------------------------------------------------------------------------
---------------------------------------------------------------------------------
Finished Timing Optimization : Time (s): cpu = 00:00:28 ; elapsed = 00:00:32 . Memory (MB): peak = 1404.844 ; gain = 558.680
---------------------------------------------------------------------------------
---------------------------------------------------------------------------------
Start Technology Mapping
---------------------------------------------------------------------------------
---------------------------------------------------------------------------------
Finished Technology Mapping : Time (s): cpu = 00:00:28 ; elapsed = 00:00:32 . Memory (MB): peak = 1404.844 ; gain = 558.680
---------------------------------------------------------------------------------
---------------------------------------------------------------------------------
Start IO Insertion
---------------------------------------------------------------------------------
---------------------------------------------------------------------------------
Start Flattening Before IO Insertion
---------------------------------------------------------------------------------
---------------------------------------------------------------------------------
Finished Flattening Before IO Insertion
---------------------------------------------------------------------------------
---------------------------------------------------------------------------------
Start Final Netlist Cleanup
---------------------------------------------------------------------------------
---------------------------------------------------------------------------------
Finished Final Netlist Cleanup
---------------------------------------------------------------------------------
---------------------------------------------------------------------------------
Finished IO Insertion : Time (s): cpu = 00:00:33 ; elapsed = 00:00:39 . Memory (MB): peak = 1404.844 ; gain = 558.680
---------------------------------------------------------------------------------
---------------------------------------------------------------------------------
Start Renaming Generated Instances
---------------------------------------------------------------------------------
---------------------------------------------------------------------------------
Finished Renaming Generated Instances : Time (s): cpu = 00:00:33 ; elapsed = 00:00:39 . Memory (MB): peak = 1404.844 ; gain = 558.680
---------------------------------------------------------------------------------
---------------------------------------------------------------------------------
Start Rebuilding User Hierarchy
---------------------------------------------------------------------------------
---------------------------------------------------------------------------------
Finished Rebuilding User Hierarchy : Time (s): cpu = 00:00:33 ; elapsed = 00:00:39 . Memory (MB): peak = 1404.844 ; gain = 558.680
---------------------------------------------------------------------------------
---------------------------------------------------------------------------------
Start Renaming Generated Ports
---------------------------------------------------------------------------------
---------------------------------------------------------------------------------
Finished Renaming Generated Ports : Time (s): cpu = 00:00:33 ; elapsed = 00:00:39 . Memory (MB): peak = 1404.844 ; gain = 558.680
---------------------------------------------------------------------------------
---------------------------------------------------------------------------------
Start Handling Custom Attributes
---------------------------------------------------------------------------------
---------------------------------------------------------------------------------
Finished Handling Custom Attributes : Time (s): cpu = 00:00:33 ; elapsed = 00:00:39 . Memory (MB): peak = 1404.844 ; gain = 558.680
---------------------------------------------------------------------------------
---------------------------------------------------------------------------------
Start Renaming Generated Nets
---------------------------------------------------------------------------------
---------------------------------------------------------------------------------
Finished Renaming Generated Nets : Time (s): cpu = 00:00:33 ; elapsed = 00:00:39 . Memory (MB): peak = 1404.844 ; gain = 558.680
---------------------------------------------------------------------------------
---------------------------------------------------------------------------------
Start Writing Synthesis Report
---------------------------------------------------------------------------------

Report BlackBoxes: 
+-+--------------+----------+
| |BlackBox name |Instances |
+-+--------------+----------+
+-+--------------+----------+

Report Cell Usage: 
+------+-----+------+
|      |Cell |Count |
+------+-----+------+
|1     |LUT1 |     1|
|2     |LUT2 |     2|
|3     |LD   |     2|
|4     |IBUF |     2|
|5     |OBUF |     4|
+------+-----+------+
---------------------------------------------------------------------------------
Finished Writing Synthesis Report : Time (s): cpu = 00:00:33 ; elapsed = 00:00:39 . Memory (MB): peak = 1404.844 ; gain = 558.680
---------------------------------------------------------------------------------
Synthesis finished with 0 errors, 0 critical warnings and 72 warnings.
Synthesis Optimization Runtime : Time (s): cpu = 00:00:24 ; elapsed = 00:00:36 . Memory (MB): peak = 1404.844 ; gain = 510.484
Synthesis Optimization Complete : Time (s): cpu = 00:00:34 ; elapsed = 00:00:39 . Memory (MB): peak = 1404.844 ; gain = 558.680
INFO: [Project 1-571] Translating synthesized netlist
Netlist sorting complete. Time (s): cpu = 00:00:00 ; elapsed = 00:00:00 . Memory (MB): peak = 1404.844 ; gain = 0.000
INFO: [Netlist 29-17] Analyzing 2 Unisim elements for replacement
INFO: [Netlist 29-28] Unisim Transformation completed in 0 CPU seconds
INFO: [Project 1-570] Preparing netlist for logic optimization
INFO: [Opt 31-138] Pushed 0 inverter(s) to 0 load pin(s).
Netlist sorting complete. Time (s): cpu = 00:00:00 ; elapsed = 00:00:00 . Memory (MB): peak = 1404.844 ; gain = 0.000
INFO: [Project 1-111] Unisim Transformation Summary:
  A total of 2 instances were transformed.
  LD => LDCE: 2 instances

Synth Design complete | Checksum: fe25e8e2
INFO: [Common 17-83] Releasing license: Synthesis
34 Infos, 81 Warnings, 0 Critical Warnings and 0 Errors encountered.
synth_design completed successfully
synth_design: Time (s): cpu = 00:00:40 ; elapsed = 00:00:46 . Memory (MB): peak = 1404.844 ; gain = 942.434
INFO: [Common 17-1381] The checkpoint 'E:/ENTC/5th_sem/DigitalSystemDesign/ALU/ALU.runs/synth_1/ALU.dcp' has been generated.
INFO: [runtcl-4] Executing : report_utilization -file ALU_utilization_synth.rpt -pb ALU_utilization_synth.pb
INFO: [Common 17-206] Exiting Vivado at Fri Dec 20 00:42:28 2024...
